<?xml version="1.0" encoding="UTF-8"?>
<!-- Generated by org.testng.reporters.JUnitXMLReporter -->
<testsuite ignored="0" hostname="TYSS-Piyush-Baldaniya" failures="0" tests="4" name="Surefire test" time="0.037" errors="0" timestamp="2025-06-08T14:09:21 IST">
  <testcase classname="contactTest.CreateConTest" name="case1" time="0.005"/>
  <testcase classname="contactTest.CreateConWithTypeTest" name="case2" time="0.005"/>
  <testcase classname="orgTest.CreateOrgTest" name="case3" time="0.0"/>
  <testcase classname="orgTest.CreateOrgWithPhoneTest" name="case4" time="0.0"/>
</testsuite> <!-- Surefire test -->
